<?xml version="1.0" encoding="UTF-8"?>
<robot generator="Robot 4.0.1 (Python 3.8.5 on linux)" generated="20210425 00:54:37.187" rpa="false" schemaversion="2">
<suite id="s1" name="Suites">
<suite id="s1-s1" name="SuiteChrome.tests" source="/opt/robotframework/tests/tests/SuiteChrome.tests.robot">
<test id="s1-s1-t1" name="Execução dos cenários de testes no Chrome">
<kw name="Iniciando o teste 'headlesschrome'" library="hooks.pages.commons" type="SETUP" sourcename="Iniciando o teste '${BROWSER}'">
<kw name="Open Browser" library="SeleniumLibrary">
<arg>${URL_HOST}</arg>
<arg>${BROWSER}</arg>
<doc>Opens a new browser instance to the optional ``url``.</doc>
<msg timestamp="20210425 00:54:38.138" level="INFO">Opening browser 'headlesschrome' to base url 'http://automationpractice.com/'.</msg>
<status status="PASS" starttime="20210425 00:54:38.138" endtime="20210425 00:54:47.158"/>
</kw>
<kw name="Maximize Browser Window" library="SeleniumLibrary">
<doc>Maximizes current browser window.</doc>
<status status="PASS" starttime="20210425 00:54:47.159" endtime="20210425 00:54:47.490"/>
</kw>
<kw name="Set Selenium Implicit Wait" library="SeleniumLibrary">
<arg>${TIME_TO_WAIT}</arg>
<doc>Sets the implicit wait value used by Selenium.</doc>
<status status="PASS" starttime="20210425 00:54:47.491" endtime="20210425 00:54:47.495"/>
</kw>
<status status="PASS" starttime="20210425 00:54:38.137" endtime="20210425 00:54:47.496"/>
</kw>
<kw name="Cenário 1: Adicionar um produto no carrinho de compra com sucesso" library="fluxo.tests">
<kw name="Dado que estamos na Home Page do site fazendo uma busca por '${DESCRICAO}'" library="homePage.pages" sourcename="Dado que estamos na Home Page do site fazendo uma busca por '${DESCRICAO}'">
<kw name="Realiza busca '${DESCRICAO}'" library="homePage.pages" sourcename="Realiza busca '${NOME}'">
<kw name="Wait Until Element Is Visible" library="SeleniumLibrary">
<arg>${LogoSite}</arg>
<arg>timeout=${TIME_TO_WAIT}</arg>
<doc>Waits until the element ``locator`` is visible.</doc>
<status status="PASS" starttime="20210425 00:54:47.513" endtime="20210425 00:54:47.761"/>
</kw>
<kw name="Title Should Be" library="SeleniumLibrary">
<arg>${TituloHomePage}</arg>
<doc>Verifies that the current page title equals ``title``.</doc>
<msg timestamp="20210425 00:54:47.786" level="INFO">Page title is 'My Store'.</msg>
<status status="PASS" starttime="20210425 00:54:47.761" endtime="20210425 00:54:47.786"/>
</kw>
<kw name="Input Text" library="SeleniumLibrary">
<arg>${CampoBusca}</arg>
<arg>${NOME}</arg>
<doc>Types the given ``text`` into the text field identified by ``locator``.</doc>
<msg timestamp="20210425 00:54:47.794" level="INFO">Typing text 'Faded Short Sleeve' into text field 'id:search_query_top'.</msg>
<status status="PASS" starttime="20210425 00:54:47.787" endtime="20210425 00:54:48.559"/>
</kw>
<kw name="Click Button" library="SeleniumLibrary">
<arg>${BotaoBusca}</arg>
<doc>Clicks the button identified by ``locator``.</doc>
<msg timestamp="20210425 00:54:48.559" level="INFO">Clicking button 'xpath://*[@id="searchbox"]/button'.</msg>
<status status="PASS" starttime="20210425 00:54:48.559" endtime="20210425 00:54:50.375"/>
</kw>
<status status="PASS" starttime="20210425 00:54:47.499" endtime="20210425 00:54:50.375"/>
</kw>
<status status="PASS" starttime="20210425 00:54:47.498" endtime="20210425 00:54:50.376"/>
</kw>
<kw name="Valida o resultado da busca com sucesso" library="search.pages">
<kw name="Wait Until Element Is Visible" library="SeleniumLibrary">
<arg>${TituloSearch}</arg>
<arg>timeout=${TIME_TO_WAIT}</arg>
<doc>Waits until the element ``locator`` is visible.</doc>
<status status="PASS" starttime="20210425 00:54:50.377" endtime="20210425 00:54:50.444"/>
</kw>
<kw name="Page Should Contain Image" library="SeleniumLibrary">
<arg>${ValidaImagemProduto}</arg>
<doc>Verifies image identified by ``locator`` is found from current page.</doc>
<msg timestamp="20210425 00:54:50.498" level="INFO">Current page contains image 'xpath://*[@id="center_column"]//*[@src="http://automationpractice.com/img/p/1/1-home_default.jpg"]'.</msg>
<status status="PASS" starttime="20210425 00:54:50.445" endtime="20210425 00:54:50.498"/>
</kw>
<kw name="Page Should Contain Element" library="SeleniumLibrary">
<arg>${ValidaDescricaoProduto}</arg>
<doc>Verifies that element ``locator`` is found on the current page.</doc>
<msg timestamp="20210425 00:54:50.574" level="INFO">Current page contains element 'xpath://*[@id="center_column"]//a[contains(text(),"Faded Short Sleeve")]'.</msg>
<status status="PASS" starttime="20210425 00:54:50.498" endtime="20210425 00:54:50.574"/>
</kw>
<kw name="Capture Page Screenshot" library="SeleniumLibrary">
<doc>Takes a screenshot of the current page and embeds it into a log file.</doc>
<msg timestamp="20210425 00:54:51.017" level="INFO" html="true">&lt;/td&gt;&lt;/tr&gt;&lt;tr&gt;&lt;td colspan="3"&gt;&lt;a href="selenium-screenshot-1.png"&gt;&lt;img src="selenium-screenshot-1.png" width="800px"&gt;&lt;/a&gt;</msg>
<status status="PASS" starttime="20210425 00:54:50.575" endtime="20210425 00:54:51.017"/>
</kw>
<kw name="Click Element" library="SeleniumLibrary">
<arg>${VisaoLista}</arg>
<doc>Click the element identified by ``locator``.</doc>
<msg timestamp="20210425 00:54:51.018" level="INFO">Clicking element 'xpath://*[@id="list"]//i[@class="icon-th-list"]'.</msg>
<status status="PASS" starttime="20210425 00:54:51.018" endtime="20210425 00:54:51.451"/>
</kw>
<kw name="Wait Until Element Is Visible" library="SeleniumLibrary">
<arg>${BotaoMore}</arg>
<arg>timeout=${TIME_TO_WAIT}</arg>
<doc>Waits until the element ``locator`` is visible.</doc>
<status status="PASS" starttime="20210425 00:54:51.451" endtime="20210425 00:54:51.570"/>
</kw>
<kw name="Click Element" library="SeleniumLibrary">
<arg>${BotaoMore}</arg>
<doc>Click the element identified by ``locator``.</doc>
<msg timestamp="20210425 00:54:51.572" level="INFO">Clicking element 'xpath://*[@id="center_column"]//a[@title="View"]'.</msg>
<status status="PASS" starttime="20210425 00:54:51.571" endtime="20210425 00:54:54.583"/>
</kw>
<status status="PASS" starttime="20210425 00:54:50.376" endtime="20210425 00:54:54.583"/>
</kw>
<kw name="Valida a página do produto quanto ao preço da unidade e a descrição" library="product.pages">
<kw name="Wait Until Element Is Visible" library="SeleniumLibrary">
<arg>${BotaoAdicionar}</arg>
<arg>timeout=${TIME_TO_WAIT}</arg>
<doc>Waits until the element ``locator`` is visible.</doc>
<status status="PASS" starttime="20210425 00:54:54.584" endtime="20210425 00:54:54.664"/>
</kw>
<kw name="Page Should Contain Element" library="SeleniumLibrary">
<arg>${ValidaPreco}</arg>
<doc>Verifies that element ``locator`` is found on the current page.</doc>
<msg timestamp="20210425 00:54:54.698" level="INFO">Current page contains element 'xpath://*[@id="our_price_display"][contains(text(),"$16.51")]'.</msg>
<status status="PASS" starttime="20210425 00:54:54.664" endtime="20210425 00:54:54.698"/>
</kw>
<kw name="Page Should Contain Element" library="SeleniumLibrary">
<arg>${ValidaDescricao}</arg>
<doc>Verifies that element ``locator`` is found on the current page.</doc>
<msg timestamp="20210425 00:54:54.717" level="INFO">Current page contains element 'xpath://*[@id="center_column"]//h1[contains(text(),"Faded Short Sleeve")]'.</msg>
<status status="PASS" starttime="20210425 00:54:54.698" endtime="20210425 00:54:54.717"/>
</kw>
<kw name="Capture Page Screenshot" library="SeleniumLibrary">
<doc>Takes a screenshot of the current page and embeds it into a log file.</doc>
<msg timestamp="20210425 00:54:54.854" level="INFO" html="true">&lt;/td&gt;&lt;/tr&gt;&lt;tr&gt;&lt;td colspan="3"&gt;&lt;a href="selenium-screenshot-2.png"&gt;&lt;img src="selenium-screenshot-2.png" width="800px"&gt;&lt;/a&gt;</msg>
<status status="PASS" starttime="20210425 00:54:54.718" endtime="20210425 00:54:54.855"/>
</kw>
<kw name="Click Element" library="SeleniumLibrary">
<arg>${BotaoAdicionar}</arg>
<doc>Click the element identified by ``locator``.</doc>
<msg timestamp="20210425 00:54:54.855" level="INFO">Clicking element 'css:button[name=Submit]'.</msg>
<status status="PASS" starttime="20210425 00:54:54.855" endtime="20210425 00:54:54.959"/>
</kw>
<status status="PASS" starttime="20210425 00:54:54.583" endtime="20210425 00:54:54.959"/>
</kw>
<kw name="Quando Adiciona o item no carrinho de compra" library="addProduct.pages">
<kw name="Wait Until Element Is Visible" library="SeleniumLibrary">
<arg>${BotaoProceder}</arg>
<arg>timeout=${TIME_TO_WAIT}</arg>
<doc>Waits until the element ``locator`` is visible.</doc>
<status status="PASS" starttime="20210425 00:54:54.960" endtime="20210425 00:54:55.762"/>
</kw>
<kw name="Click Element" library="SeleniumLibrary">
<arg>${BotaoProceder}</arg>
<doc>Click the element identified by ``locator``.</doc>
<msg timestamp="20210425 00:54:55.762" level="INFO">Clicking element 'xpath://*[@id="layer_cart"]//a'.</msg>
<status status="PASS" starttime="20210425 00:54:55.762" endtime="20210425 00:54:58.874"/>
</kw>
<status status="PASS" starttime="20210425 00:54:54.960" endtime="20210425 00:54:58.875"/>
</kw>
<kw name="Então valida o carrinho de compra quanto aos seguintes dados: descrição, preço por unidade, preço do envio e preço total" library="shoppingCart.pages">
<kw name="Wait Until Element Is Visible" library="SeleniumLibrary">
<arg>${TituloCarrinho}</arg>
<arg>timeout=${TIME_TO_WAIT}</arg>
<doc>Waits until the element ``locator`` is visible.</doc>
<status status="PASS" starttime="20210425 00:54:58.881" endtime="20210425 00:54:59.002"/>
</kw>
<kw name="Page Should Contain Image" library="SeleniumLibrary">
<arg>${ValidaProduto}</arg>
<doc>Verifies image identified by ``locator`` is found from current page.</doc>
<msg timestamp="20210425 00:54:59.140" level="INFO">Current page contains image 'xpath://*[@id="product_1_1_0_0"]//img[@src="http://automationpractice.com/img/p/1/1-small_default.jpg"]'.</msg>
<status status="PASS" starttime="20210425 00:54:59.003" endtime="20210425 00:54:59.141"/>
</kw>
<kw name="Page Should Contain Element" library="SeleniumLibrary">
<arg>${ValidaDescricaoCar}</arg>
<doc>Verifies that element ``locator`` is found on the current page.</doc>
<msg timestamp="20210425 00:54:59.301" level="INFO">Current page contains element 'xpath://*[@id="product_1_1_0_0"]//a[contains(text(),"Faded Short Sleeve")]'.</msg>
<status status="PASS" starttime="20210425 00:54:59.143" endtime="20210425 00:54:59.302"/>
</kw>
<kw name="Page Should Contain Element" library="SeleniumLibrary">
<arg>${ValidaPrecoUnid}</arg>
<doc>Verifies that element ``locator`` is found on the current page.</doc>
<msg timestamp="20210425 00:54:59.499" level="INFO">Current page contains element 'xpath://*[@id="product_price_1_1_0"]/span[contains(text(),"$16.51")]'.</msg>
<status status="PASS" starttime="20210425 00:54:59.302" endtime="20210425 00:54:59.499"/>
</kw>
<kw name="Page Should Contain Element" library="SeleniumLibrary">
<arg>${ValidaPrecoEnvio}</arg>
<doc>Verifies that element ``locator`` is found on the current page.</doc>
<msg timestamp="20210425 00:54:59.591" level="INFO">Current page contains element 'xpath://*[@id="total_shipping"][contains(text(),"$2.00")]'.</msg>
<status status="PASS" starttime="20210425 00:54:59.500" endtime="20210425 00:54:59.591"/>
</kw>
<kw name="Page Should Contain Element" library="SeleniumLibrary">
<arg>${ValidaPrecoTotal}</arg>
<doc>Verifies that element ``locator`` is found on the current page.</doc>
<msg timestamp="20210425 00:54:59.686" level="INFO">Current page contains element 'xpath://*[@id="total_price"][contains(text(),"$18.51")]'.</msg>
<status status="PASS" starttime="20210425 00:54:59.591" endtime="20210425 00:54:59.686"/>
</kw>
<status status="PASS" starttime="20210425 00:54:58.876" endtime="20210425 00:54:59.686"/>
</kw>
<status status="PASS" starttime="20210425 00:54:47.497" endtime="20210425 00:54:59.686"/>
</kw>
<kw name="Cenário 2: Busca por produto inexistente" library="fluxo.tests">
<kw name="Dado que estamos na Home Page do site fazendo uma busca por produto inexstente '${DESCRICAO_INEXISTENTE}'" library="homePage.pages" sourcename="Dado que estamos na Home Page do site fazendo uma busca por produto inexstente '${DESCRICAO_INEXISTENTE}'">
<kw name="Click Element" library="SeleniumLibrary">
<arg>${LogoSite}</arg>
<doc>Click the element identified by ``locator``.</doc>
<msg timestamp="20210425 00:54:59.688" level="INFO">Clicking element 'id:header_logo'.</msg>
<status status="PASS" starttime="20210425 00:54:59.688" endtime="20210425 00:55:02.010"/>
</kw>
<kw name="Realiza busca '${DESCRICAO_INEXISTENTE}'" library="homePage.pages" sourcename="Realiza busca '${NOME}'">
<kw name="Wait Until Element Is Visible" library="SeleniumLibrary">
<arg>${LogoSite}</arg>
<arg>timeout=${TIME_TO_WAIT}</arg>
<doc>Waits until the element ``locator`` is visible.</doc>
<status status="PASS" starttime="20210425 00:55:02.013" endtime="20210425 00:55:02.231"/>
</kw>
<kw name="Title Should Be" library="SeleniumLibrary">
<arg>${TituloHomePage}</arg>
<doc>Verifies that the current page title equals ``title``.</doc>
<msg timestamp="20210425 00:55:02.269" level="INFO">Page title is 'My Store'.</msg>
<status status="PASS" starttime="20210425 00:55:02.231" endtime="20210425 00:55:02.270"/>
</kw>
<kw name="Input Text" library="SeleniumLibrary">
<arg>${CampoBusca}</arg>
<arg>${NOME}</arg>
<doc>Types the given ``text`` into the text field identified by ``locator``.</doc>
<msg timestamp="20210425 00:55:02.271" level="INFO">Typing text 'Dress Grey' into text field 'id:search_query_top'.</msg>
<status status="PASS" starttime="20210425 00:55:02.270" endtime="20210425 00:55:02.918"/>
</kw>
<kw name="Click Button" library="SeleniumLibrary">
<arg>${BotaoBusca}</arg>
<doc>Clicks the button identified by ``locator``.</doc>
<msg timestamp="20210425 00:55:02.919" level="INFO">Clicking button 'xpath://*[@id="searchbox"]/button'.</msg>
<status status="PASS" starttime="20210425 00:55:02.918" endtime="20210425 00:55:04.618"/>
</kw>
<status status="PASS" starttime="20210425 00:55:02.011" endtime="20210425 00:55:04.618"/>
</kw>
<status status="PASS" starttime="20210425 00:54:59.687" endtime="20210425 00:55:04.619"/>
</kw>
<kw name="Valida o resultado da busca com '${MSG_INEXISTENTE}'" library="search.pages" sourcename="Valida o resultado da busca com '${MSG_INEXISTENTE}'">
<kw name="Wait Until Element Is Visible" library="SeleniumLibrary">
<arg>${ValidaProdutoInexistente}</arg>
<arg>timeout=${TIME_TO_WAIT}</arg>
<doc>Waits until the element ``locator`` is visible.</doc>
<status status="PASS" starttime="20210425 00:55:04.620" endtime="20210425 00:55:04.738"/>
</kw>
<kw name="Page Should Contain Element" library="SeleniumLibrary">
<arg>${ValidaProdutoInexistente}</arg>
<doc>Verifies that element ``locator`` is found on the current page.</doc>
<msg timestamp="20210425 00:55:04.793" level="INFO">Current page contains element 'xpath://*[@id="center_column"]//p[contains(text(),"No results were found for your search")]'.</msg>
<status status="PASS" starttime="20210425 00:55:04.738" endtime="20210425 00:55:04.793"/>
</kw>
<status status="PASS" starttime="20210425 00:55:04.619" endtime="20210425 00:55:04.794"/>
</kw>
<status status="PASS" starttime="20210425 00:54:59.686" endtime="20210425 00:55:04.794"/>
</kw>
<kw name="Finalizando o teste" library="hooks.pages.commons" type="TEARDOWN">
<kw name="Capture Page Screenshot" library="SeleniumLibrary">
<doc>Takes a screenshot of the current page and embeds it into a log file.</doc>
<msg timestamp="20210425 00:55:05.102" level="INFO" html="true">&lt;/td&gt;&lt;/tr&gt;&lt;tr&gt;&lt;td colspan="3"&gt;&lt;a href="selenium-screenshot-3.png"&gt;&lt;img src="selenium-screenshot-3.png" width="800px"&gt;&lt;/a&gt;</msg>
<status status="PASS" starttime="20210425 00:55:04.796" endtime="20210425 00:55:05.103"/>
</kw>
<kw name="Close Browser" library="SeleniumLibrary">
<doc>Closes the current browser.</doc>
<status status="PASS" starttime="20210425 00:55:05.103" endtime="20210425 00:55:05.246"/>
</kw>
<status status="PASS" starttime="20210425 00:55:04.795" endtime="20210425 00:55:05.247"/>
</kw>
<status status="PASS" starttime="20210425 00:54:38.134" endtime="20210425 00:55:05.247"/>
</test>
<status status="PASS" starttime="20210425 00:54:37.339" endtime="20210425 00:55:05.248"/>
</suite>
<status status="PASS" starttime="20210425 00:54:37.190" endtime="20210425 00:55:05.250"/>
</suite>
<statistics>
<total>
<stat pass="1" fail="0" skip="0">All Tests</stat>
</total>
<tag>
</tag>
<suite>
<stat pass="1" fail="0" skip="0" id="s1" name="Suites">Suites</stat>
<stat pass="1" fail="0" skip="0" id="s1-s1" name="SuiteChrome.tests">Suites.SuiteChrome.tests</stat>
</suite>
</statistics>
<errors>
</errors>
</robot>
