<?xml version="1.0" encoding="UTF-8"?>
<robot generator="Robot 4.0.1 (Python 3.8.5 on linux)" generated="20210425 23:52:38.399" rpa="false" schemaversion="2">
<suite id="s1" name="Suites">
<suite id="s1-s1" name="SuiteFirefox.tests" source="/opt/robotframework/project/tests/SuiteFirefox.tests.robot">
<test id="s1-s1-t1" name="Execução dos cenários de testes no Firefox">
<kw name="Iniciando o teste 'headlessfirefox'" library="hooks.pages.commons" type="SETUP" sourcename="Iniciando o teste '${BROWSER}'">
<kw name="Open Browser" library="SeleniumLibrary">
<arg>${URL_HOST}</arg>
<arg>${BROWSER}</arg>
<doc>Opens a new browser instance to the optional ``url``.</doc>
<msg timestamp="20210425 23:52:38.814" level="INFO">Opening browser 'headlessfirefox' to base url 'http://automationpractice.com/'.</msg>
<msg timestamp="20210425 23:52:38.816" level="INFO">Firefox driver log is always forced to to: /opt/robotframework/logs/pabot_results/1/geckodriver-1.log</msg>
<status status="PASS" starttime="20210425 23:52:38.814" endtime="20210425 23:52:50.108"/>
</kw>
<kw name="Maximize Browser Window" library="SeleniumLibrary">
<doc>Maximizes current browser window.</doc>
<status status="PASS" starttime="20210425 23:52:50.109" endtime="20210425 23:52:50.114"/>
</kw>
<kw name="Set Selenium Implicit Wait" library="SeleniumLibrary">
<arg>${TIME_TO_WAIT}</arg>
<doc>Sets the implicit wait value used by Selenium.</doc>
<status status="PASS" starttime="20210425 23:52:50.114" endtime="20210425 23:52:50.118"/>
</kw>
<status status="PASS" starttime="20210425 23:52:38.813" endtime="20210425 23:52:50.118"/>
</kw>
<kw name="Cenário 1: Adicionar um produto no carrinho de compra com sucesso" library="fluxo.tests">
<kw name="Dado que estamos na Home Page do site fazendo uma busca por '${DESCRICAO}'" library="homePage.pages" sourcename="Dado que estamos na Home Page do site fazendo uma busca por '${DESCRICAO}'">
<kw name="Realiza busca '${DESCRICAO}'" library="homePage.pages" sourcename="Realiza busca '${NOME}'">
<kw name="Wait Until Element Is Visible" library="SeleniumLibrary">
<arg>${LogoSite}</arg>
<arg>timeout=${TIME_TO_WAIT}</arg>
<doc>Waits until the element ``locator`` is visible.</doc>
<status status="PASS" starttime="20210425 23:52:50.121" endtime="20210425 23:52:50.204"/>
</kw>
<kw name="Title Should Be" library="SeleniumLibrary">
<arg>${TituloHomePage}</arg>
<doc>Verifies that the current page title equals ``title``.</doc>
<msg timestamp="20210425 23:52:50.214" level="INFO">Page title is 'My Store'.</msg>
<status status="PASS" starttime="20210425 23:52:50.204" endtime="20210425 23:52:50.214"/>
</kw>
<kw name="Input Text" library="SeleniumLibrary">
<arg>${CampoBusca}</arg>
<arg>${NOME}</arg>
<doc>Types the given ``text`` into the text field identified by ``locator``.</doc>
<msg timestamp="20210425 23:52:50.215" level="INFO">Typing text 'Faded Short Sleeve' into text field 'id:search_query_top'.</msg>
<status status="PASS" starttime="20210425 23:52:50.214" endtime="20210425 23:52:50.294"/>
</kw>
<kw name="Click Button" library="SeleniumLibrary">
<arg>${BotaoBusca}</arg>
<doc>Clicks the button identified by ``locator``.</doc>
<msg timestamp="20210425 23:52:50.295" level="INFO">Clicking button 'xpath://*[@id="searchbox"]/button'.</msg>
<status status="PASS" starttime="20210425 23:52:50.294" endtime="20210425 23:52:51.698"/>
</kw>
<status status="PASS" starttime="20210425 23:52:50.120" endtime="20210425 23:52:51.699"/>
</kw>
<status status="PASS" starttime="20210425 23:52:50.119" endtime="20210425 23:52:51.699"/>
</kw>
<kw name="Valida o resultado da busca com sucesso" library="search.pages">
<kw name="Wait Until Element Is Visible" library="SeleniumLibrary">
<arg>${TituloSearch}</arg>
<arg>timeout=${TIME_TO_WAIT}</arg>
<doc>Waits until the element ``locator`` is visible.</doc>
<status status="PASS" starttime="20210425 23:52:51.700" endtime="20210425 23:52:51.773"/>
</kw>
<kw name="Page Should Contain Image" library="SeleniumLibrary">
<arg>${ValidaImagemProduto}</arg>
<doc>Verifies image identified by ``locator`` is found from current page.</doc>
<msg timestamp="20210425 23:52:51.809" level="INFO">Current page contains image 'xpath://*[@id="center_column"]//*[@src="http://automationpractice.com/img/p/1/1-home_default.jpg"]'.</msg>
<status status="PASS" starttime="20210425 23:52:51.774" endtime="20210425 23:52:51.809"/>
</kw>
<kw name="Page Should Contain Element" library="SeleniumLibrary">
<arg>${ValidaDescricaoProduto}</arg>
<doc>Verifies that element ``locator`` is found on the current page.</doc>
<msg timestamp="20210425 23:52:51.814" level="INFO">Current page contains element 'xpath://*[@id="center_column"]//a[contains(text(),"Faded Short Sleeve")]'.</msg>
<status status="PASS" starttime="20210425 23:52:51.809" endtime="20210425 23:52:51.814"/>
</kw>
<kw name="Capture Page Screenshot" library="SeleniumLibrary">
<doc>Takes a screenshot of the current page and embeds it into a log file.</doc>
<msg timestamp="20210425 23:52:51.886" level="INFO" html="true">&lt;/td&gt;&lt;/tr&gt;&lt;tr&gt;&lt;td colspan="3"&gt;&lt;a href="selenium-screenshot-1.png"&gt;&lt;img src="selenium-screenshot-1.png" width="800px"&gt;&lt;/a&gt;</msg>
<status status="PASS" starttime="20210425 23:52:51.814" endtime="20210425 23:52:51.887"/>
</kw>
<kw name="Click Element" library="SeleniumLibrary">
<arg>${VisaoLista}</arg>
<doc>Click the element identified by ``locator``.</doc>
<msg timestamp="20210425 23:52:51.887" level="INFO">Clicking element 'xpath://*[@id="list"]//i[@class="icon-th-list"]'.</msg>
<status status="PASS" starttime="20210425 23:52:51.887" endtime="20210425 23:52:52.139"/>
</kw>
<kw name="Wait Until Element Is Visible" library="SeleniumLibrary">
<arg>${BotaoMore}</arg>
<arg>timeout=${TIME_TO_WAIT}</arg>
<doc>Waits until the element ``locator`` is visible.</doc>
<status status="PASS" starttime="20210425 23:52:52.139" endtime="20210425 23:52:52.161"/>
</kw>
<kw name="Click Element" library="SeleniumLibrary">
<arg>${BotaoMore}</arg>
<doc>Click the element identified by ``locator``.</doc>
<msg timestamp="20210425 23:52:52.161" level="INFO">Clicking element 'xpath://*[@id="center_column"]//a[@title="View"]'.</msg>
<status status="PASS" starttime="20210425 23:52:52.161" endtime="20210425 23:52:54.472"/>
</kw>
<status status="PASS" starttime="20210425 23:52:51.699" endtime="20210425 23:52:54.472"/>
</kw>
<kw name="Valida a página do produto quanto ao preço da unidade e a descrição" library="product.pages">
<kw name="Wait Until Element Is Visible" library="SeleniumLibrary">
<arg>${BotaoAdicionar}</arg>
<arg>timeout=${TIME_TO_WAIT}</arg>
<doc>Waits until the element ``locator`` is visible.</doc>
<status status="PASS" starttime="20210425 23:52:54.473" endtime="20210425 23:52:54.508"/>
</kw>
<kw name="Page Should Contain Element" library="SeleniumLibrary">
<arg>${ValidaPreco}</arg>
<doc>Verifies that element ``locator`` is found on the current page.</doc>
<msg timestamp="20210425 23:52:54.515" level="INFO">Current page contains element 'xpath://*[@id="our_price_display"][contains(text(),"$16.51")]'.</msg>
<status status="PASS" starttime="20210425 23:52:54.508" endtime="20210425 23:52:54.515"/>
</kw>
<kw name="Page Should Contain Element" library="SeleniumLibrary">
<arg>${ValidaDescricao}</arg>
<doc>Verifies that element ``locator`` is found on the current page.</doc>
<msg timestamp="20210425 23:52:54.520" level="INFO">Current page contains element 'xpath://*[@id="center_column"]//h1[contains(text(),"Faded Short Sleeve")]'.</msg>
<status status="PASS" starttime="20210425 23:52:54.515" endtime="20210425 23:52:54.520"/>
</kw>
<kw name="Capture Page Screenshot" library="SeleniumLibrary">
<doc>Takes a screenshot of the current page and embeds it into a log file.</doc>
<msg timestamp="20210425 23:52:54.630" level="INFO" html="true">&lt;/td&gt;&lt;/tr&gt;&lt;tr&gt;&lt;td colspan="3"&gt;&lt;a href="selenium-screenshot-2.png"&gt;&lt;img src="selenium-screenshot-2.png" width="800px"&gt;&lt;/a&gt;</msg>
<status status="PASS" starttime="20210425 23:52:54.520" endtime="20210425 23:52:54.630"/>
</kw>
<kw name="Click Element" library="SeleniumLibrary">
<arg>${BotaoAdicionar}</arg>
<doc>Click the element identified by ``locator``.</doc>
<msg timestamp="20210425 23:52:54.631" level="INFO">Clicking element 'css:button[name=Submit]'.</msg>
<status status="PASS" starttime="20210425 23:52:54.631" endtime="20210425 23:52:54.884"/>
</kw>
<status status="PASS" starttime="20210425 23:52:54.472" endtime="20210425 23:52:54.884"/>
</kw>
<kw name="Quando Adiciona o item no carrinho de compra" library="addProduct.pages">
<kw name="Wait Until Element Is Visible" library="SeleniumLibrary">
<arg>${BotaoProceder}</arg>
<arg>timeout=${TIME_TO_WAIT}</arg>
<doc>Waits until the element ``locator`` is visible.</doc>
<status status="PASS" starttime="20210425 23:52:54.885" endtime="20210425 23:52:56.041"/>
</kw>
<kw name="Click Element" library="SeleniumLibrary">
<arg>${BotaoProceder}</arg>
<doc>Click the element identified by ``locator``.</doc>
<msg timestamp="20210425 23:52:56.042" level="INFO">Clicking element 'xpath://*[@id="layer_cart"]//a'.</msg>
<status status="PASS" starttime="20210425 23:52:56.042" endtime="20210425 23:52:58.221"/>
</kw>
<status status="PASS" starttime="20210425 23:52:54.885" endtime="20210425 23:52:58.222"/>
</kw>
<kw name="Então valida o carrinho de compra quanto aos seguintes dados: descrição, preço por unidade, preço do envio e preço total" library="shoppingCart.pages">
<kw name="Wait Until Element Is Visible" library="SeleniumLibrary">
<arg>${TituloCarrinho}</arg>
<arg>timeout=${TIME_TO_WAIT}</arg>
<doc>Waits until the element ``locator`` is visible.</doc>
<status status="PASS" starttime="20210425 23:52:58.222" endtime="20210425 23:52:58.267"/>
</kw>
<kw name="Page Should Contain Image" library="SeleniumLibrary">
<arg>${ValidaProduto}</arg>
<doc>Verifies image identified by ``locator`` is found from current page.</doc>
<msg timestamp="20210425 23:52:58.276" level="INFO">Current page contains image 'xpath://*[@id="product_1_1_0_0"]//img[@src="http://automationpractice.com/img/p/1/1-small_default.jpg"]'.</msg>
<status status="PASS" starttime="20210425 23:52:58.267" endtime="20210425 23:52:58.277"/>
</kw>
<kw name="Page Should Contain Element" library="SeleniumLibrary">
<arg>${ValidaDescricaoCar}</arg>
<doc>Verifies that element ``locator`` is found on the current page.</doc>
<msg timestamp="20210425 23:52:58.281" level="INFO">Current page contains element 'xpath://*[@id="product_1_1_0_0"]//a[contains(text(),"Faded Short Sleeve")]'.</msg>
<status status="PASS" starttime="20210425 23:52:58.277" endtime="20210425 23:52:58.281"/>
</kw>
<kw name="Page Should Contain Element" library="SeleniumLibrary">
<arg>${ValidaPrecoUnid}</arg>
<doc>Verifies that element ``locator`` is found on the current page.</doc>
<msg timestamp="20210425 23:52:58.286" level="INFO">Current page contains element 'xpath://*[@id="product_price_1_1_0"]/span[contains(text(),"$16.51")]'.</msg>
<status status="PASS" starttime="20210425 23:52:58.282" endtime="20210425 23:52:58.286"/>
</kw>
<kw name="Page Should Contain Element" library="SeleniumLibrary">
<arg>${ValidaPrecoEnvio}</arg>
<doc>Verifies that element ``locator`` is found on the current page.</doc>
<msg timestamp="20210425 23:52:58.292" level="INFO">Current page contains element 'xpath://*[@id="total_shipping"][contains(text(),"$2.00")]'.</msg>
<status status="PASS" starttime="20210425 23:52:58.287" endtime="20210425 23:52:58.292"/>
</kw>
<kw name="Page Should Contain Element" library="SeleniumLibrary">
<arg>${ValidaPrecoTotal}</arg>
<doc>Verifies that element ``locator`` is found on the current page.</doc>
<msg timestamp="20210425 23:52:58.297" level="INFO">Current page contains element 'xpath://*[@id="total_price"][contains(text(),"$18.51")]'.</msg>
<status status="PASS" starttime="20210425 23:52:58.293" endtime="20210425 23:52:58.297"/>
</kw>
<status status="PASS" starttime="20210425 23:52:58.222" endtime="20210425 23:52:58.297"/>
</kw>
<status status="PASS" starttime="20210425 23:52:50.119" endtime="20210425 23:52:58.297"/>
</kw>
<kw name="Cenário 2: Busca por produto inexistente" library="fluxo.tests">
<kw name="Dado que estamos na Home Page do site fazendo uma busca por produto inexstente '${DESCRICAO_INEXISTENTE}'" library="homePage.pages" sourcename="Dado que estamos na Home Page do site fazendo uma busca por produto inexstente '${DESCRICAO_INEXISTENTE}'">
<kw name="Click Element" library="SeleniumLibrary">
<arg>${LogoSite}</arg>
<doc>Click the element identified by ``locator``.</doc>
<msg timestamp="20210425 23:52:58.299" level="INFO">Clicking element 'id:header_logo'.</msg>
<status status="PASS" starttime="20210425 23:52:58.298" endtime="20210425 23:53:00.781"/>
</kw>
<kw name="Realiza busca '${DESCRICAO_INEXISTENTE}'" library="homePage.pages" sourcename="Realiza busca '${NOME}'">
<kw name="Wait Until Element Is Visible" library="SeleniumLibrary">
<arg>${LogoSite}</arg>
<arg>timeout=${TIME_TO_WAIT}</arg>
<doc>Waits until the element ``locator`` is visible.</doc>
<status status="PASS" starttime="20210425 23:53:00.782" endtime="20210425 23:53:00.836"/>
</kw>
<kw name="Title Should Be" library="SeleniumLibrary">
<arg>${TituloHomePage}</arg>
<doc>Verifies that the current page title equals ``title``.</doc>
<msg timestamp="20210425 23:53:00.838" level="INFO">Page title is 'My Store'.</msg>
<status status="PASS" starttime="20210425 23:53:00.836" endtime="20210425 23:53:00.838"/>
</kw>
<kw name="Input Text" library="SeleniumLibrary">
<arg>${CampoBusca}</arg>
<arg>${NOME}</arg>
<doc>Types the given ``text`` into the text field identified by ``locator``.</doc>
<msg timestamp="20210425 23:53:00.839" level="INFO">Typing text 'Dress Grey' into text field 'id:search_query_top'.</msg>
<status status="PASS" starttime="20210425 23:53:00.839" endtime="20210425 23:53:00.891"/>
</kw>
<kw name="Click Button" library="SeleniumLibrary">
<arg>${BotaoBusca}</arg>
<doc>Clicks the button identified by ``locator``.</doc>
<msg timestamp="20210425 23:53:00.892" level="INFO">Clicking button 'xpath://*[@id="searchbox"]/button'.</msg>
<status status="PASS" starttime="20210425 23:53:00.892" endtime="20210425 23:53:02.239"/>
</kw>
<status status="PASS" starttime="20210425 23:53:00.782" endtime="20210425 23:53:02.239"/>
</kw>
<status status="PASS" starttime="20210425 23:52:58.298" endtime="20210425 23:53:02.239"/>
</kw>
<kw name="Valida o resultado da busca com '${MSG_INEXISTENTE}'" library="search.pages" sourcename="Valida o resultado da busca com '${MSG_INEXISTENTE}'">
<kw name="Wait Until Element Is Visible" library="SeleniumLibrary">
<arg>${ValidaProdutoInexistente}</arg>
<arg>timeout=${TIME_TO_WAIT}</arg>
<doc>Waits until the element ``locator`` is visible.</doc>
<status status="PASS" starttime="20210425 23:53:02.240" endtime="20210425 23:53:02.279"/>
</kw>
<kw name="Page Should Contain Element" library="SeleniumLibrary">
<arg>${ValidaProdutoInexistente}</arg>
<doc>Verifies that element ``locator`` is found on the current page.</doc>
<msg timestamp="20210425 23:53:02.287" level="INFO">Current page contains element 'xpath://*[@id="center_column"]//p[contains(text(),"No results were found for your search")]'.</msg>
<status status="PASS" starttime="20210425 23:53:02.279" endtime="20210425 23:53:02.287"/>
</kw>
<status status="PASS" starttime="20210425 23:53:02.239" endtime="20210425 23:53:02.287"/>
</kw>
<status status="PASS" starttime="20210425 23:52:58.297" endtime="20210425 23:53:02.287"/>
</kw>
<kw name="Finalizando o teste" library="hooks.pages.commons" type="TEARDOWN">
<kw name="Capture Page Screenshot" library="SeleniumLibrary">
<doc>Takes a screenshot of the current page and embeds it into a log file.</doc>
<msg timestamp="20210425 23:53:02.387" level="INFO" html="true">&lt;/td&gt;&lt;/tr&gt;&lt;tr&gt;&lt;td colspan="3"&gt;&lt;a href="selenium-screenshot-3.png"&gt;&lt;img src="selenium-screenshot-3.png" width="800px"&gt;&lt;/a&gt;</msg>
<status status="PASS" starttime="20210425 23:53:02.288" endtime="20210425 23:53:02.388"/>
</kw>
<kw name="Close Browser" library="SeleniumLibrary">
<doc>Closes the current browser.</doc>
<status status="PASS" starttime="20210425 23:53:02.388" endtime="20210425 23:53:02.903"/>
</kw>
<status status="PASS" starttime="20210425 23:53:02.287" endtime="20210425 23:53:02.903"/>
</kw>
<status status="PASS" starttime="20210425 23:52:38.812" endtime="20210425 23:53:02.904"/>
</test>
<status status="PASS" starttime="20210425 23:52:38.428" endtime="20210425 23:53:02.905"/>
</suite>
<status status="PASS" starttime="20210425 23:52:38.401" endtime="20210425 23:53:02.906"/>
</suite>
<statistics>
<total>
<stat pass="1" fail="0" skip="0">All Tests</stat>
</total>
<tag>
</tag>
<suite>
<stat pass="1" fail="0" skip="0" id="s1" name="Suites">Suites</stat>
<stat pass="1" fail="0" skip="0" id="s1-s1" name="SuiteFirefox.tests">Suites.SuiteFirefox.tests</stat>
</suite>
</statistics>
<errors>
</errors>
</robot>
