<?xml version="1.0" encoding="UTF-8"?>
<robot generator="Robot 4.0.1 (Python 3.8.5 on linux)" generated="20210426 21:05:33.463" rpa="false" schemaversion="2">
<suite id="s1" name="Suites">
<suite id="s1-s1" name="SuiteFirefox.tests" source="/opt/robotframework/project/tests/SuiteFirefox.tests.robot">
<test id="s1-s1-t1" name="Execução dos cenários de testes no Firefox">
<kw name="Iniciando o teste 'headlessfirefox'" library="hooks.pages.commons" type="SETUP" sourcename="Iniciando o teste '${BROWSER}'">
<kw name="Open Browser" library="SeleniumLibrary">
<arg>${URL_HOST}</arg>
<arg>${BROWSER}</arg>
<doc>Opens a new browser instance to the optional ``url``.</doc>
<msg timestamp="20210426 21:05:33.813" level="INFO">Opening browser 'headlessfirefox' to base url 'http://automationpractice.com/'.</msg>
<msg timestamp="20210426 21:05:33.813" level="INFO">Firefox driver log is always forced to to: /opt/robotframework/logs/pabot_results/1/geckodriver-1.log</msg>
<status status="PASS" starttime="20210426 21:05:33.811" endtime="20210426 21:05:44.234"/>
</kw>
<kw name="Maximize Browser Window" library="SeleniumLibrary">
<doc>Maximizes current browser window.</doc>
<status status="PASS" starttime="20210426 21:05:44.234" endtime="20210426 21:05:44.237"/>
</kw>
<kw name="Set Selenium Implicit Wait" library="SeleniumLibrary">
<arg>${TIME_TO_WAIT}</arg>
<doc>Sets the implicit wait value used by Selenium.</doc>
<status status="PASS" starttime="20210426 21:05:44.237" endtime="20210426 21:05:44.245"/>
</kw>
<status status="PASS" starttime="20210426 21:05:33.810" endtime="20210426 21:05:44.246"/>
</kw>
<kw name="Cenário 1: Adicionar um produto no carrinho de compra com sucesso" library="fluxo.tests">
<kw name="Dado que estamos na Home Page do site fazendo uma busca por '${DESCRICAO}'" library="homePage.pages" sourcename="Dado que estamos na Home Page do site fazendo uma busca por '${DESCRICAO}'">
<kw name="Realiza busca '${DESCRICAO}'" library="homePage.pages" sourcename="Realiza busca '${NOME}'">
<kw name="Wait Until Element Is Visible" library="SeleniumLibrary">
<arg>${LogoSite}</arg>
<arg>timeout=${TIME_TO_WAIT}</arg>
<doc>Waits until the element ``locator`` is visible.</doc>
<status status="PASS" starttime="20210426 21:05:44.248" endtime="20210426 21:05:44.319"/>
</kw>
<kw name="Title Should Be" library="SeleniumLibrary">
<arg>${TituloHomePage}</arg>
<doc>Verifies that the current page title equals ``title``.</doc>
<msg timestamp="20210426 21:05:44.322" level="INFO">Page title is 'My Store'.</msg>
<status status="PASS" starttime="20210426 21:05:44.320" endtime="20210426 21:05:44.323"/>
</kw>
<kw name="Input Text" library="SeleniumLibrary">
<arg>${CampoBusca}</arg>
<arg>${NOME}</arg>
<doc>Types the given ``text`` into the text field identified by ``locator``.</doc>
<msg timestamp="20210426 21:05:44.323" level="INFO">Typing text 'Faded Short Sleeve' into text field 'id:search_query_top'.</msg>
<status status="PASS" starttime="20210426 21:05:44.323" endtime="20210426 21:05:44.371"/>
</kw>
<kw name="Click Button" library="SeleniumLibrary">
<arg>${BotaoBusca}</arg>
<doc>Clicks the button identified by ``locator``.</doc>
<msg timestamp="20210426 21:05:44.372" level="INFO">Clicking button 'xpath://*[@id="searchbox"]/button'.</msg>
<status status="PASS" starttime="20210426 21:05:44.371" endtime="20210426 21:05:46.952"/>
</kw>
<status status="PASS" starttime="20210426 21:05:44.247" endtime="20210426 21:05:46.952"/>
</kw>
<status status="PASS" starttime="20210426 21:05:44.247" endtime="20210426 21:05:46.953"/>
</kw>
<kw name="Valida o resultado da busca com sucesso" library="search.pages">
<kw name="Wait Until Element Is Visible" library="SeleniumLibrary">
<arg>${TituloSearch}</arg>
<arg>timeout=${TIME_TO_WAIT}</arg>
<doc>Waits until the element ``locator`` is visible.</doc>
<status status="PASS" starttime="20210426 21:05:46.953" endtime="20210426 21:05:46.995"/>
</kw>
<kw name="Page Should Contain Image" library="SeleniumLibrary">
<arg>${ValidaImagemProduto}</arg>
<doc>Verifies image identified by ``locator`` is found from current page.</doc>
<msg timestamp="20210426 21:05:47.004" level="INFO">Current page contains image 'xpath://*[@id="center_column"]//*[@src="http://automationpractice.com/img/p/1/1-home_default.jpg"]'.</msg>
<status status="PASS" starttime="20210426 21:05:46.996" endtime="20210426 21:05:47.004"/>
</kw>
<kw name="Page Should Contain Element" library="SeleniumLibrary">
<arg>${ValidaDescricaoProduto}</arg>
<doc>Verifies that element ``locator`` is found on the current page.</doc>
<msg timestamp="20210426 21:05:47.011" level="INFO">Current page contains element 'xpath://*[@id="center_column"]//a[contains(text(),"Faded Short Sleeve")]'.</msg>
<status status="PASS" starttime="20210426 21:05:47.004" endtime="20210426 21:05:47.011"/>
</kw>
<kw name="Capture Page Screenshot" library="SeleniumLibrary">
<doc>Takes a screenshot of the current page and embeds it into a log file.</doc>
<msg timestamp="20210426 21:05:47.074" level="INFO" html="true">&lt;/td&gt;&lt;/tr&gt;&lt;tr&gt;&lt;td colspan="3"&gt;&lt;a href="selenium-screenshot-1.png"&gt;&lt;img src="selenium-screenshot-1.png" width="800px"&gt;&lt;/a&gt;</msg>
<status status="PASS" starttime="20210426 21:05:47.011" endtime="20210426 21:05:47.075"/>
</kw>
<kw name="Click Element" library="SeleniumLibrary">
<arg>${VisaoLista}</arg>
<doc>Click the element identified by ``locator``.</doc>
<msg timestamp="20210426 21:05:47.077" level="INFO">Clicking element 'xpath://*[@id="list"]//i[@class="icon-th-list"]'.</msg>
<status status="PASS" starttime="20210426 21:05:47.075" endtime="20210426 21:05:47.347"/>
</kw>
<kw name="Wait Until Element Is Visible" library="SeleniumLibrary">
<arg>${BotaoMore}</arg>
<arg>timeout=${TIME_TO_WAIT}</arg>
<doc>Waits until the element ``locator`` is visible.</doc>
<status status="PASS" starttime="20210426 21:05:47.347" endtime="20210426 21:05:47.379"/>
</kw>
<kw name="Click Element" library="SeleniumLibrary">
<arg>${BotaoMore}</arg>
<doc>Click the element identified by ``locator``.</doc>
<msg timestamp="20210426 21:05:47.379" level="INFO">Clicking element 'xpath://*[@id="center_column"]//a[@title="View"]'.</msg>
<status status="PASS" starttime="20210426 21:05:47.379" endtime="20210426 21:05:50.435"/>
</kw>
<status status="PASS" starttime="20210426 21:05:46.953" endtime="20210426 21:05:50.435"/>
</kw>
<kw name="Valida a página do produto quanto ao preço da unidade e a descrição" library="product.pages">
<kw name="Wait Until Element Is Visible" library="SeleniumLibrary">
<arg>${BotaoAdicionar}</arg>
<arg>timeout=${TIME_TO_WAIT}</arg>
<doc>Waits until the element ``locator`` is visible.</doc>
<status status="PASS" starttime="20210426 21:05:50.436" endtime="20210426 21:05:50.480"/>
</kw>
<kw name="Page Should Contain Element" library="SeleniumLibrary">
<arg>${ValidaPreco}</arg>
<doc>Verifies that element ``locator`` is found on the current page.</doc>
<msg timestamp="20210426 21:05:50.488" level="INFO">Current page contains element 'xpath://*[@id="our_price_display"][contains(text(),"$16.51")]'.</msg>
<status status="PASS" starttime="20210426 21:05:50.480" endtime="20210426 21:05:50.488"/>
</kw>
<kw name="Page Should Contain Element" library="SeleniumLibrary">
<arg>${ValidaDescricao}</arg>
<doc>Verifies that element ``locator`` is found on the current page.</doc>
<msg timestamp="20210426 21:05:50.494" level="INFO">Current page contains element 'xpath://*[@id="center_column"]//h1[contains(text(),"Faded Short Sleeve")]'.</msg>
<status status="PASS" starttime="20210426 21:05:50.488" endtime="20210426 21:05:50.494"/>
</kw>
<kw name="Capture Page Screenshot" library="SeleniumLibrary">
<doc>Takes a screenshot of the current page and embeds it into a log file.</doc>
<msg timestamp="20210426 21:05:50.642" level="INFO" html="true">&lt;/td&gt;&lt;/tr&gt;&lt;tr&gt;&lt;td colspan="3"&gt;&lt;a href="selenium-screenshot-2.png"&gt;&lt;img src="selenium-screenshot-2.png" width="800px"&gt;&lt;/a&gt;</msg>
<status status="PASS" starttime="20210426 21:05:50.494" endtime="20210426 21:05:50.642"/>
</kw>
<kw name="Click Element" library="SeleniumLibrary">
<arg>${BotaoAdicionar}</arg>
<doc>Click the element identified by ``locator``.</doc>
<msg timestamp="20210426 21:05:50.643" level="INFO">Clicking element 'css:button[name=Submit]'.</msg>
<status status="PASS" starttime="20210426 21:05:50.642" endtime="20210426 21:05:50.907"/>
</kw>
<status status="PASS" starttime="20210426 21:05:50.436" endtime="20210426 21:05:50.907"/>
</kw>
<kw name="Quando Adiciona o item no carrinho de compra" library="addProduct.pages">
<kw name="Wait Until Element Is Visible" library="SeleniumLibrary">
<arg>${BotaoProceder}</arg>
<arg>timeout=${TIME_TO_WAIT}</arg>
<doc>Waits until the element ``locator`` is visible.</doc>
<status status="PASS" starttime="20210426 21:05:50.908" endtime="20210426 21:05:53.173"/>
</kw>
<kw name="Click Element" library="SeleniumLibrary">
<arg>${BotaoProceder}</arg>
<doc>Click the element identified by ``locator``.</doc>
<msg timestamp="20210426 21:05:53.173" level="INFO">Clicking element 'xpath://*[@id="layer_cart"]//a'.</msg>
<status status="PASS" starttime="20210426 21:05:53.173" endtime="20210426 21:05:55.272"/>
</kw>
<status status="PASS" starttime="20210426 21:05:50.907" endtime="20210426 21:05:55.272"/>
</kw>
<kw name="Então valida o carrinho de compra quanto aos seguintes dados: descrição, preço por unidade, preço do envio e preço total" library="shoppingCart.pages">
<kw name="Wait Until Element Is Visible" library="SeleniumLibrary">
<arg>${TituloCarrinho}</arg>
<arg>timeout=${TIME_TO_WAIT}</arg>
<doc>Waits until the element ``locator`` is visible.</doc>
<status status="PASS" starttime="20210426 21:05:55.273" endtime="20210426 21:05:55.309"/>
</kw>
<kw name="Page Should Contain Image" library="SeleniumLibrary">
<arg>${ValidaProduto}</arg>
<doc>Verifies image identified by ``locator`` is found from current page.</doc>
<msg timestamp="20210426 21:05:55.329" level="INFO">Current page contains image 'xpath://*[@id="product_1_1_0_0"]//img[@src="http://automationpractice.com/img/p/1/1-small_default.jpg"]'.</msg>
<status status="PASS" starttime="20210426 21:05:55.309" endtime="20210426 21:05:55.329"/>
</kw>
<kw name="Page Should Contain Element" library="SeleniumLibrary">
<arg>${ValidaDescricaoCar}</arg>
<doc>Verifies that element ``locator`` is found on the current page.</doc>
<msg timestamp="20210426 21:05:55.335" level="INFO">Current page contains element 'xpath://*[@id="product_1_1_0_0"]//a[contains(text(),"Faded Short Sleeve")]'.</msg>
<status status="PASS" starttime="20210426 21:05:55.329" endtime="20210426 21:05:55.335"/>
</kw>
<kw name="Page Should Contain Element" library="SeleniumLibrary">
<arg>${ValidaPrecoUnid}</arg>
<doc>Verifies that element ``locator`` is found on the current page.</doc>
<msg timestamp="20210426 21:05:55.339" level="INFO">Current page contains element 'xpath://*[@id="product_price_1_1_0"]/span[contains(text(),"$16.51")]'.</msg>
<status status="PASS" starttime="20210426 21:05:55.335" endtime="20210426 21:05:55.339"/>
</kw>
<kw name="Page Should Contain Element" library="SeleniumLibrary">
<arg>${ValidaPrecoEnvio}</arg>
<doc>Verifies that element ``locator`` is found on the current page.</doc>
<msg timestamp="20210426 21:05:55.344" level="INFO">Current page contains element 'xpath://*[@id="total_shipping"][contains(text(),"$2.00")]'.</msg>
<status status="PASS" starttime="20210426 21:05:55.340" endtime="20210426 21:05:55.344"/>
</kw>
<kw name="Page Should Contain Element" library="SeleniumLibrary">
<arg>${ValidaPrecoTotal}</arg>
<doc>Verifies that element ``locator`` is found on the current page.</doc>
<msg timestamp="20210426 21:05:55.352" level="INFO">Current page contains element 'xpath://*[@id="total_price"][contains(text(),"$18.51")]'.</msg>
<status status="PASS" starttime="20210426 21:05:55.345" endtime="20210426 21:05:55.352"/>
</kw>
<status status="PASS" starttime="20210426 21:05:55.272" endtime="20210426 21:05:55.353"/>
</kw>
<status status="PASS" starttime="20210426 21:05:44.246" endtime="20210426 21:05:55.353"/>
</kw>
<kw name="Cenário 2: Busca por produto inexistente" library="fluxo.tests">
<kw name="Dado que estamos na Home Page do site fazendo uma busca por produto inexstente '${DESCRICAO_INEXISTENTE}'" library="homePage.pages" sourcename="Dado que estamos na Home Page do site fazendo uma busca por produto inexstente '${DESCRICAO_INEXISTENTE}'">
<kw name="Click Element" library="SeleniumLibrary">
<arg>${LogoSite}</arg>
<doc>Click the element identified by ``locator``.</doc>
<msg timestamp="20210426 21:05:55.354" level="INFO">Clicking element 'id:header_logo'.</msg>
<status status="PASS" starttime="20210426 21:05:55.354" endtime="20210426 21:05:58.510"/>
</kw>
<kw name="Realiza busca '${DESCRICAO_INEXISTENTE}'" library="homePage.pages" sourcename="Realiza busca '${NOME}'">
<kw name="Wait Until Element Is Visible" library="SeleniumLibrary">
<arg>${LogoSite}</arg>
<arg>timeout=${TIME_TO_WAIT}</arg>
<doc>Waits until the element ``locator`` is visible.</doc>
<status status="PASS" starttime="20210426 21:05:58.511" endtime="20210426 21:05:58.574"/>
</kw>
<kw name="Title Should Be" library="SeleniumLibrary">
<arg>${TituloHomePage}</arg>
<doc>Verifies that the current page title equals ``title``.</doc>
<msg timestamp="20210426 21:05:58.577" level="INFO">Page title is 'My Store'.</msg>
<status status="PASS" starttime="20210426 21:05:58.575" endtime="20210426 21:05:58.577"/>
</kw>
<kw name="Input Text" library="SeleniumLibrary">
<arg>${CampoBusca}</arg>
<arg>${NOME}</arg>
<doc>Types the given ``text`` into the text field identified by ``locator``.</doc>
<msg timestamp="20210426 21:05:58.578" level="INFO">Typing text 'Dress Grey' into text field 'id:search_query_top'.</msg>
<status status="PASS" starttime="20210426 21:05:58.578" endtime="20210426 21:05:58.619"/>
</kw>
<kw name="Click Button" library="SeleniumLibrary">
<arg>${BotaoBusca}</arg>
<doc>Clicks the button identified by ``locator``.</doc>
<msg timestamp="20210426 21:05:58.620" level="INFO">Clicking button 'xpath://*[@id="searchbox"]/button'.</msg>
<status status="PASS" starttime="20210426 21:05:58.619" endtime="20210426 21:05:59.998"/>
</kw>
<status status="PASS" starttime="20210426 21:05:58.511" endtime="20210426 21:05:59.999"/>
</kw>
<status status="PASS" starttime="20210426 21:05:55.354" endtime="20210426 21:05:59.999"/>
</kw>
<kw name="Valida o resultado da busca com '${MSG_INEXISTENTE}'" library="search.pages" sourcename="Valida o resultado da busca com '${MSG_INEXISTENTE}'">
<kw name="Wait Until Element Is Visible" library="SeleniumLibrary">
<arg>${ValidaProdutoInexistente}</arg>
<arg>timeout=${TIME_TO_WAIT}</arg>
<doc>Waits until the element ``locator`` is visible.</doc>
<status status="PASS" starttime="20210426 21:06:00.000" endtime="20210426 21:06:00.048"/>
</kw>
<kw name="Page Should Contain Element" library="SeleniumLibrary">
<arg>${ValidaProdutoInexistente}</arg>
<doc>Verifies that element ``locator`` is found on the current page.</doc>
<msg timestamp="20210426 21:06:00.080" level="INFO">Current page contains element 'xpath://*[@id="center_column"]//p[contains(text(),"No results were found for your search")]'.</msg>
<status status="PASS" starttime="20210426 21:06:00.048" endtime="20210426 21:06:00.081"/>
</kw>
<status status="PASS" starttime="20210426 21:05:59.999" endtime="20210426 21:06:00.081"/>
</kw>
<status status="PASS" starttime="20210426 21:05:55.353" endtime="20210426 21:06:00.081"/>
</kw>
<kw name="Finalizando o teste" library="hooks.pages.commons" type="TEARDOWN">
<kw name="Capture Page Screenshot" library="SeleniumLibrary">
<doc>Takes a screenshot of the current page and embeds it into a log file.</doc>
<msg timestamp="20210426 21:06:00.191" level="INFO" html="true">&lt;/td&gt;&lt;/tr&gt;&lt;tr&gt;&lt;td colspan="3"&gt;&lt;a href="selenium-screenshot-3.png"&gt;&lt;img src="selenium-screenshot-3.png" width="800px"&gt;&lt;/a&gt;</msg>
<status status="PASS" starttime="20210426 21:06:00.082" endtime="20210426 21:06:00.191"/>
</kw>
<kw name="Close Browser" library="SeleniumLibrary">
<doc>Closes the current browser.</doc>
<status status="PASS" starttime="20210426 21:06:00.191" endtime="20210426 21:06:00.884"/>
</kw>
<status status="PASS" starttime="20210426 21:06:00.082" endtime="20210426 21:06:00.884"/>
</kw>
<status status="PASS" starttime="20210426 21:05:33.807" endtime="20210426 21:06:00.884"/>
</test>
<status status="PASS" starttime="20210426 21:05:33.502" endtime="20210426 21:06:00.885"/>
</suite>
<status status="PASS" starttime="20210426 21:05:33.466" endtime="20210426 21:06:00.887"/>
</suite>
<statistics>
<total>
<stat pass="1" fail="0" skip="0">All Tests</stat>
</total>
<tag>
</tag>
<suite>
<stat pass="1" fail="0" skip="0" id="s1" name="Suites">Suites</stat>
<stat pass="1" fail="0" skip="0" id="s1-s1" name="SuiteFirefox.tests">Suites.SuiteFirefox.tests</stat>
</suite>
</statistics>
<errors>
</errors>
</robot>
